<?xml version="1.0" encoding="UTF-8"?>
<!-- Generated by org.testng.reporters.JUnitReportReporter -->
<testsuite hostname="DESKTOP-3J5OAVG" failures="0" tests="3" name="tests.Search" time="17.099" errors="0" timestamp="2024-06-07T14:09:54 BST" skipped="0">
  <testcase classname="tests.Search" name="searchForAValidProduct" time="5.882"/>
  <testcase classname="tests.Search" name="searchWithAnInvalidProduct" time="6.162"/>
  <testcase classname="tests.Search" name="searchWithoutAnyProduct" time="5.055"/>
</testsuite> <!-- tests.Search -->
